C51 COMPILER V9.54   AT2402                                                                09/04/2025 15:25:11 PAGE 1   


C51 COMPILER V9.54, COMPILATION OF MODULE AT2402
OBJECT MODULE PLACED IN .\Objects\AT2402.obj
COMPILER INVOKED BY: E:\Learning Programs\kiel5\C51\BIN\C51.EXE AT2402.c OPTIMIZE(8,SPEED) BROWSE DEBUG OBJECTEXTEND PRI
                    -NT(.\Listings\AT2402.lst) OBJECT(.\Objects\AT2402.obj)

line level    source

   1          #include <REGX52.H>
   2          #include "I2C.h"
   3          
   4          #define   AT24C02_ADDRESS       0xA0
   5          
   6          
   7          sbit XPT2046_CS=P3^5;
   8          sbit XPT2046_DCLK=P3^6;
   9          sbit XPT2046_DIN=P3^4;
  10          sbit XPT2046_DOUT=P3^7;
  11          
  12          
  13          void AT24C02_WriteByte(unsigned char WordAddress,Data){
  14   1              I2C_Start();
  15   1              I2C_SendByte(AT24C02_ADDRESS);
  16   1              I2C_ReceiveAck();
  17   1              I2C_SendByte(WordAddress);
  18   1              I2C_ReceiveAck();
  19   1              I2C_SendByte(Data);
  20   1              I2C_ReceiveAck();
  21   1              I2C_Stop();
  22   1      }
  23          
  24          unsigned char AT24C02_ReadByte(unsigned char WordAddress){
  25   1              unsigned char Data;
  26   1              I2C_Start();
  27   1              I2C_SendByte(AT24C02_ADDRESS);
  28   1              I2C_ReceiveAck();
  29   1              I2C_SendByte(WordAddress);
  30   1              I2C_ReceiveAck();
  31   1              I2C_Start();
  32   1              I2C_SendByte(AT24C02_ADDRESS|0x01);
  33   1              I2C_ReceiveAck();
  34   1              Data=I2C_ReceiveByte();
  35   1              I2C_SendAck(1);         
  36   1              I2C_Stop();     
  37   1              return Data;
  38   1      }


MODULE INFORMATION:   STATIC OVERLAYABLE
   CODE SIZE        =     84    ----
   CONSTANT SIZE    =   ----    ----
   XDATA SIZE       =   ----    ----
   PDATA SIZE       =   ----    ----
   DATA SIZE        =   ----       5
   IDATA SIZE       =   ----    ----
   BIT SIZE         =   ----    ----
END OF MODULE INFORMATION.


C51 COMPILATION COMPLETE.  0 WARNING(S),  0 ERROR(S)
