C51 COMPILER V9.54   I2C                                                                   09/03/2025 18:16:09 PAGE 1   


C51 COMPILER V9.54, COMPILATION OF MODULE I2C
OBJECT MODULE PLACED IN .\Objects\I2C.obj
COMPILER INVOKED BY: E:\Learning Programs\kiel5\C51\BIN\C51.EXE I2C.c OPTIMIZE(8,SPEED) BROWSE DEBUG OBJECTEXTEND PRINT(
                    -.\Listings\I2C.lst) OBJECT(.\Objects\I2C.obj)

line level    source

   1          #include <REGX52.H>
   2          
   3          sbit I2C_SCL = P2^1;
   4          sbit I2C_SDA = P2^0;
   5          
   6          
   7          //产生I2C起始信号
   8          void I2C_Start()
   9          {
  10   1              I2C_SDA=1;
  11   1              I2C_SCL=1;
  12   1              I2C_SDA=0;
  13   1              I2C_SCL=0;
  14   1      }
  15          
  16          //产生I2C停止信号
  17          void I2C_Stop()
  18          {
  19   1              I2C_SDA=0;
  20   1              I2C_SCL=1;
  21   1              I2C_SDA=1;
  22   1      }
  23          /*
  24          //I2C发送一个字节,返回值为0则发送成功
  25          bit I2C_SendByte(unsigned char Byte)
  26          {
  27                  unsigned char i;
  28                  for(i=0;i<8;i++)
  29                  {
  30                          I2C_SDA=Byte&(0x80>i);//从最高位发送
  31                          I2C_SCL=1;
  32                          I2C_SCL=0;
  33                  }
  34                  I2C_SDA=1;
  35                  I2C_SCL=1;
  36                  i=I2C_SDA;
  37                  I2C_SCL=0;
  38                  
  39                  return i;
  40          }
  41          //I2C接受一个字节，，ack=0为发送应答
  42          unsigned char I2C_ReceiveByte(bit ack)
  43          {
  44                  unsigned char i;
  45                  unsigned char Byte=0x00;
  46                  I2C_SDA=1;
  47                  for(i=0;i<8;i++)
  48                  {
  49                          I2C_SCL=1;
  50                          if(I2C_SDA)Byte|=(0x80>i);
  51                          I2C_SCL=0;      
  52                  }
  53                  I2C_SDA=ack;
  54                  I2C_SCL=1;
C51 COMPILER V9.54   I2C                                                                   09/03/2025 18:16:09 PAGE 2   

  55                  I2C_SCL=0;
  56                  return Byte;
  57          }
  58          */
  59          void I2C_SendByte(unsigned char Byte)
  60          {
  61   1              unsigned char i;
  62   1              for(i=0;i<8;i++)
  63   1              {
  64   2                      I2C_SDA=Byte&(0x80>>i);
  65   2                      I2C_SCL=1;
  66   2                      I2C_SCL=0;
  67   2              }
  68   1      }
  69          
  70          unsigned char I2C_ReceiveByte(void)
  71          {
  72   1              unsigned char i,Byte=0x00;
  73   1              I2C_SDA=1;
  74   1              for(i=0;i<8;i++)
  75   1              {
  76   2                      I2C_SCL=1;
  77   2                      if(I2C_SDA){Byte|=(0x80>>i);}
  78   2                      I2C_SCL=0;
  79   2              }
  80   1              return Byte;
  81   1      }
  82          
  83          void I2C_SendAck(unsigned char AckBit)
  84          {
  85   1              I2C_SDA=AckBit;
  86   1              I2C_SCL=1;
  87   1              I2C_SCL=0;
  88   1      }
  89          
  90          unsigned char I2C_ReceiveAck(void)
  91          {
  92   1              unsigned char AckBit;
  93   1              I2C_SDA=1;
  94   1              I2C_SCL=1;
  95   1              AckBit=I2C_SDA;
  96   1              I2C_SCL=0;
  97   1              return AckBit;
  98   1      }


MODULE INFORMATION:   STATIC OVERLAYABLE
   CODE SIZE        =    109    ----
   CONSTANT SIZE    =   ----    ----
   XDATA SIZE       =   ----    ----
   PDATA SIZE       =   ----    ----
   DATA SIZE        =   ----    ----
   IDATA SIZE       =   ----    ----
   BIT SIZE         =   ----    ----
END OF MODULE INFORMATION.


C51 COMPILATION COMPLETE.  0 WARNING(S),  0 ERROR(S)
