C51 COMPILER V9.54   INT0                                                                  09/03/2025 17:42:39 PAGE 1   


C51 COMPILER V9.54, COMPILATION OF MODULE INT0
OBJECT MODULE PLACED IN .\Objects\Int0.obj
COMPILER INVOKED BY: E:\Learning Programs\kiel5\C51\BIN\C51.EXE Int0.c OPTIMIZE(8,SPEED) BROWSE DEBUG OBJECTEXTEND PRINT
                    -(.\Listings\Int0.lst) OBJECT(.\Objects\Int0.obj)

line level    source

   1          #include <REGX52.H>
   2          void Int0_Init()                //@12.000MHz
   3          {
   4   1              IT0=1;
   5   1              IE0=0;
   6   1              EX0=1;
   7   1              EA=1;
   8   1              PX0=1;
   9   1      }
  10          
  11          /*
  12          void Int0_Routine() interrupt  0
  13          {
  14                  Num++;
  15          }
  16          */


MODULE INFORMATION:   STATIC OVERLAYABLE
   CODE SIZE        =     11    ----
   CONSTANT SIZE    =   ----    ----
   XDATA SIZE       =   ----    ----
   PDATA SIZE       =   ----    ----
   DATA SIZE        =   ----    ----
   IDATA SIZE       =   ----    ----
   BIT SIZE         =   ----    ----
END OF MODULE INFORMATION.


C51 COMPILATION COMPLETE.  0 WARNING(S),  0 ERROR(S)
