C51 COMPILER V9.54   KEY                                                                   09/03/2025 15:11:12 PAGE 1   


C51 COMPILER V9.54, COMPILATION OF MODULE KEY
OBJECT MODULE PLACED IN .\Objects\Key.obj
COMPILER INVOKED BY: E:\Learning Programs\kiel5\C51\BIN\C51.EXE Key.c OPTIMIZE(8,SPEED) BROWSE DEBUG OBJECTEXTEND PRINT(
                    -.\Listings\Key.lst) OBJECT(.\Objects\Key.obj)

line level    source

   1          #include <REGX52.H>
   2          
   3          unsigned char Key_Temp;
   4                  
   5          unsigned char Key()
   6          {
   7   1              unsigned char temp=0;
   8   1              temp=Key_Temp;
   9   1              Key_Temp=0;
  10   1              return temp;
  11   1      }
  12          
  13          unsigned char Key_GetState()
  14          {
  15   1              unsigned char KeyNumber=0;
  16   1              
  17   1              if(P3_1==0)KeyNumber=1;
  18   1              if(P3_0==0)KeyNumber=2;
  19   1              if(P3_2==0)KeyNumber=3;
  20   1              if(P3_3==0)KeyNumber=4;
  21   1              
  22   1              return KeyNumber;
  23   1      }
  24          
  25          void Key_Loop()
  26          {
  27   1              static unsigned char NowState,LastState;
  28   1              LastState=NowState;
  29   1              NowState=Key_GetState();
  30   1              
  31   1              if(NowState==1 && LastState==0)
  32   1              {
  33   2                      Key_Temp=1;
  34   2              }       
  35   1              if(NowState==2 && LastState==0)
  36   1              {
  37   2                      Key_Temp=2;
  38   2              }       
  39   1              if(NowState==3 && LastState==0)
  40   1              {
  41   2                      Key_Temp=3;
  42   2              }       
  43   1              if(NowState==4 && LastState==0)
  44   1              {
  45   2                      Key_Temp=4;
  46   2              }
  47   1      }


MODULE INFORMATION:   STATIC OVERLAYABLE
   CODE SIZE        =     85    ----
   CONSTANT SIZE    =   ----    ----
   XDATA SIZE       =   ----    ----
   PDATA SIZE       =   ----    ----
C51 COMPILER V9.54   KEY                                                                   09/03/2025 15:11:12 PAGE 2   

   DATA SIZE        =      3    ----
   IDATA SIZE       =   ----    ----
   BIT SIZE         =   ----    ----
END OF MODULE INFORMATION.


C51 COMPILATION COMPLETE.  0 WARNING(S),  0 ERROR(S)
