C51 COMPILER V9.54   LUX_GET                                                               09/04/2025 17:04:27 PAGE 1   


C51 COMPILER V9.54, COMPILATION OF MODULE LUX_GET
OBJECT MODULE PLACED IN .\Objects\Lux_Get.obj
COMPILER INVOKED BY: E:\Learning Programs\kiel5\C51\BIN\C51.EXE Lux_Get.c OPTIMIZE(8,SPEED) BROWSE DEBUG OBJECTEXTEND PR
                    -INT(.\Listings\Lux_Get.lst) OBJECT(.\Objects\Lux_Get.obj)

line level    source

   1          #include <REGX52.H>
   2          #include <XPT2046.h>
   3          #include <LCD1602.h>
   4          #include <Delay.h>
   5          
   6          
   7          extern unsigned char ADValue;
   8          
   9          
  10          unsigned char Lux_Get()
  11          {
  12   1                  unsigned char ADV;
  13   1                      //LCD_ShowString(1,1,"ADJ  NTC  RG");
  14   1                      //ADValue=XPT2406_ReadAD(XPT2046_XP_8);
  15   1                      //LCD_ShowNum(2,1,ADValue,3);
  16   1                      //Delay(5);
  17   1                      //ADValue=XPT2406_ReadAD(XPT2046_YP_8);
  18   1                      //LCD_ShowNum(2,6,ADValue,3);           
  19   1                      //Delay(5);
  20   1                      ADV=XPT2406_ReadAD(XPT2046_VBAT_8);
  21   1                      //LCD_ShowNum(2,11,ADValue,3);
  22   1                      Delay(5);
  23   1                      return ADV;
  24   1      }


MODULE INFORMATION:   STATIC OVERLAYABLE
   CODE SIZE        =     15    ----
   CONSTANT SIZE    =   ----    ----
   XDATA SIZE       =   ----    ----
   PDATA SIZE       =   ----    ----
   DATA SIZE        =   ----       1
   IDATA SIZE       =   ----    ----
   BIT SIZE         =   ----    ----
END OF MODULE INFORMATION.


C51 COMPILATION COMPLETE.  0 WARNING(S),  0 ERROR(S)
