C51 COMPILER V9.54   MOTOR_MONITOR                                                         09/04/2025 13:53:17 PAGE 1   


C51 COMPILER V9.54, COMPILATION OF MODULE MOTOR_MONITOR
OBJECT MODULE PLACED IN .\Objects\MOTOR_Monitor.obj
COMPILER INVOKED BY: E:\Learning Programs\kiel5\C51\BIN\C51.EXE MOTOR_Monitor.c OPTIMIZE(8,SPEED) BROWSE DEBUG OBJECTEXT
                    -END PRINT(.\Listings\MOTOR_Monitor.lst) OBJECT(.\Objects\MOTOR_Monitor.obj)

line level    source

   1          #include <REGX52.H>
   2          #include <LCD1602.h>
   3          
   4          sbit ENA = P1^6;  
   5          sbit IN1 = P1^4;  
   6          sbit IN2 = P1^5;
   7          
   8          extern unsigned char Key_Num;
   9          extern char Compare;
  10          
  11          void MOTOR_Monitor_Init()
  12          {
  13   1              IN2=1;  
  14   1              IN2=0;  
  15   1              IN1=1;
  16   1              //IN1=0;
  17   1              ENA=1;
  18   1              ENA=0;
  19   1      }
  20          
  21          void MOTOR_Monitor()
  22          {
  23   1                      /*if(Key_Num)
  24   1              {
  25   1                      if(Key_Num==1)
  26   1                      {
  27   1                              Compare++;
  28   1                              if(Compare>8)Compare=8;
  29   1                      }                       
  30   1                      if(Key_Num==2)
  31   1                      {
  32   1                              Compare--;
  33   1                              if(Compare<0)Compare=0;
  34   1                      }                       
  35   1              }*/
  36   1      }


MODULE INFORMATION:   STATIC OVERLAYABLE
   CODE SIZE        =     12    ----
   CONSTANT SIZE    =   ----    ----
   XDATA SIZE       =   ----    ----
   PDATA SIZE       =   ----    ----
   DATA SIZE        =   ----    ----
   IDATA SIZE       =   ----    ----
   BIT SIZE         =   ----    ----
END OF MODULE INFORMATION.


C51 COMPILATION COMPLETE.  0 WARNING(S),  0 ERROR(S)
