C51 COMPILER V9.54   ONEWIRE                                                               09/03/2025 18:06:26 PAGE 1   


C51 COMPILER V9.54, COMPILATION OF MODULE ONEWIRE
OBJECT MODULE PLACED IN .\Objects\OneWire.obj
COMPILER INVOKED BY: E:\Learning Programs\kiel5\C51\BIN\C51.EXE OneWire.c OPTIMIZE(8,SPEED) BROWSE DEBUG OBJECTEXTEND PR
                    -INT(.\Listings\OneWire.lst) OBJECT(.\Objects\OneWire.obj)

line level    source

   1          #include <REGX52.H>
   2          
   3          sbit OneWire_DQ = P3^7;
   4          
   5          
   6          unsigned char OneWire_Init(){
   7   1              unsigned char i;
   8   1              unsigned char AckBit;
   9   1              OneWire_DQ=1;
  10   1              OneWire_DQ=0;
  11   1              EA=0;
  12   1              i = 227;while (--i);        //Delay 500us
  13   1              OneWire_DQ=1;
  14   1              i = 29;while (--i);         //Delay 70us
  15   1              AckBit = OneWire_DQ;
  16   1              i = 227;while (--i);        //Delay 500us.
  17   1              EA=1;
  18   1              return AckBit;
  19   1      }
  20          
  21          void OneWire_SendBit(unsigned char Bit){
  22   1              unsigned char i;
  23   1              EA=0;
  24   1              OneWire_DQ=0;
  25   1              i = 4;while (--i);
  26   1              OneWire_DQ=Bit;
  27   1              i = 22;while (--i);                     //Delay 50us
  28   1              OneWire_DQ=1;
  29   1              EA=1;
  30   1      }
  31          
  32          unsigned char OneWire_ReceiveBit(){
  33   1              unsigned char i,Bit;
  34   1              EA=0;
  35   1              OneWire_DQ=0;
  36   1              i = 2;while (--i);          //Delay 5us
  37   1              OneWire_DQ=1;
  38   1              i = 2;while (--i);          //Delay 5us
  39   1              Bit=OneWire_DQ;
  40   1              i = 22;while (--i);                     //Delay 50us
  41   1              EA=1;
  42   1              return Bit;
  43   1      }
  44          
  45          void OneWire_SendByte(unsigned char Byte){
  46   1              unsigned char i;
  47   1              for(i=0;i<8;i++){
  48   2                      OneWire_SendBit(Byte&(0x01<<i));
  49   2              }
  50   1      }
  51          
  52          unsigned char OneWire_ReceiveByte(){
  53   1              unsigned char i,Byte=0x00;
  54   1              for(i=0;i<8;i++){
C51 COMPILER V9.54   ONEWIRE                                                               09/03/2025 18:06:26 PAGE 2   

  55   2                      if(OneWire_ReceiveBit()){Byte|=(0x01<<i);}
  56   2              }
  57   1              return Byte;
  58   1      }
  59          


MODULE INFORMATION:   STATIC OVERLAYABLE
   CODE SIZE        =    134    ----
   CONSTANT SIZE    =   ----    ----
   XDATA SIZE       =   ----    ----
   PDATA SIZE       =   ----    ----
   DATA SIZE        =   ----    ----
   IDATA SIZE       =   ----    ----
   BIT SIZE         =   ----    ----
END OF MODULE INFORMATION.


C51 COMPILATION COMPLETE.  0 WARNING(S),  0 ERROR(S)
