C51 COMPILER V9.54   TIMER1                                                                09/04/2025 11:09:26 PAGE 1   


C51 COMPILER V9.54, COMPILATION OF MODULE TIMER1
OBJECT MODULE PLACED IN .\Objects\Timer1.obj
COMPILER INVOKED BY: E:\Learning Programs\kiel5\C51\BIN\C51.EXE Timer1.c OPTIMIZE(8,SPEED) BROWSE DEBUG OBJECTEXTEND PRI
                    -NT(.\Listings\Timer1.lst) OBJECT(.\Objects\Timer1.obj)

line level    source

   1          #include <REGX52.H>
   2          
   3          
   4          //定时器1初始化，1.085ms@11.0532MHz
   5          void Timer1_Init()
   6          {
   7   1              TMOD&=0xF0;
   8   1              TMOD|=0x01;
   9   1              TL1=0x18;       
  10   1              TH1=0xFC;       
  11   1              TF1=0;
  12   1              TR1=1;
  13   1              ET1=1;
  14   1              EA=1;
  15   1              PT1=1;
  16   1      }
  17          
  18          /*
  19          //定时器中断函数模板
  20          
  21          void Timer1_Routine() interrupt 3
  22          {
  23                  static unsigned int T1Count;
  24                  TL1 = 0x18;             
  25                  TH1 = 0xFC;             
  26                  T1Count++;
  27                  if(T1Count>=1000)
  28                  {
  29                          T1Count=0;
  30                          
  31                  }
  32          }
  33          */


MODULE INFORMATION:   STATIC OVERLAYABLE
   CODE SIZE        =     23    ----
   CONSTANT SIZE    =   ----    ----
   XDATA SIZE       =   ----    ----
   PDATA SIZE       =   ----    ----
   DATA SIZE        =   ----    ----
   IDATA SIZE       =   ----    ----
   BIT SIZE         =   ----    ----
END OF MODULE INFORMATION.


C51 COMPILATION COMPLETE.  0 WARNING(S),  0 ERROR(S)
