C51 COMPILER V9.54   TIMER2                                                                09/04/2025 11:09:26 PAGE 1   


C51 COMPILER V9.54, COMPILATION OF MODULE TIMER2
OBJECT MODULE PLACED IN .\Objects\Timer2.obj
COMPILER INVOKED BY: E:\Learning Programs\kiel5\C51\BIN\C51.EXE Timer2.c OPTIMIZE(8,SPEED) BROWSE DEBUG OBJECTEXTEND PRI
                    -NT(.\Listings\Timer2.lst) OBJECT(.\Objects\Timer2.obj)

line level    source

   1          #include <REGX52.H>
   2          
   3          
   4          //定时器1初始化，1.085ms@11.0532MHz
   5          void Timer2_Init()
   6          {
   7   1              T2CON = 0x00;
   8   1              TL2=0xA4;       
   9   1              TH2=0xFF;
  10   1          RCAP2L = 0xA4; 
  11   1          RCAP2H = 0xFF; 
  12   1              TF2=0;
  13   1              TR2=1;
  14   1              ET2=1;
  15   1              EA=1;
  16   1              PT2=0;
  17   1      }
  18          
  19          /*
  20          //定时器中断函数模板
  21          
  22          void Timer2_Routine() interrupt 5
  23          {
  24                  TL2=0xA4;               
  25                  TH2=0xFF;       
  26                  Counter++;
  27                  Counter%=100;
  28                  if(Counter<Compare)
  29                  {
  30                          MOTOR=1;
  31                  }
  32                  else
  33                  {
  34                          MOTOR=0;
  35                  }
  36          }
  37          */


MODULE INFORMATION:   STATIC OVERLAYABLE
   CODE SIZE        =     26    ----
   CONSTANT SIZE    =   ----    ----
   XDATA SIZE       =   ----    ----
   PDATA SIZE       =   ----    ----
   DATA SIZE        =   ----    ----
   IDATA SIZE       =   ----    ----
   BIT SIZE         =   ----    ----
END OF MODULE INFORMATION.


C51 COMPILATION COMPLETE.  0 WARNING(S),  0 ERROR(S)
