C51 COMPILER V9.54   TIMER0                                                                09/03/2025 17:42:39 PAGE 1   


C51 COMPILER V9.54, COMPILATION OF MODULE TIMER0
OBJECT MODULE PLACED IN .\Objects\Timer0.obj
COMPILER INVOKED BY: E:\Learning Programs\kiel5\C51\BIN\C51.EXE Timer0.c OPTIMIZE(8,SPEED) BROWSE DEBUG OBJECTEXTEND PRI
                    -NT(.\Listings\Timer0.lst) OBJECT(.\Objects\Timer0.obj)

line level    source

   1          #include <REGX52.H>
   2          
   3          void Timer0_Init(void)
   4          {
   5   1              TMOD &= 0xF0;           
   6   1              TMOD |= 0x01;           
   7   1              TL0 = 0;                
   8   1              TH0 = 0;                
   9   1              TF0 = 0;                
  10   1              TR0 = 0;                
  11   1      }
  12          
  13          void Timer0_SetCounter(unsigned int Value)
  14          {
  15   1              TH0=Value/256;
  16   1              TL0=Value%256;
  17   1      }
  18          
  19          unsigned int Timer0_GetCounter(void)
  20          {
  21   1              return (TH0<<8)|TL0;
  22   1      }
  23          
  24          void Timer0_Run(unsigned char Flag)
  25          {
  26   1              TR0=Flag;
  27   1      }


MODULE INFORMATION:   STATIC OVERLAYABLE
   CODE SIZE        =     42    ----
   CONSTANT SIZE    =   ----    ----
   XDATA SIZE       =   ----    ----
   PDATA SIZE       =   ----    ----
   DATA SIZE        =   ----    ----
   IDATA SIZE       =   ----    ----
   BIT SIZE         =   ----    ----
END OF MODULE INFORMATION.


C51 COMPILATION COMPLETE.  0 WARNING(S),  0 ERROR(S)
